build/app/intermediates/manifest_merge_blame_file/release/manifest-merger-blame-release-report.txt
1<?xml version="1.0" encoding="utf-8"?>
2<manifest xmlns:android="http://schemas.android.com/apk/res/android"
3    package="com.srhdp.ibookcambodia"
4    android:versionCode="3"
5    android:versionName="1.1.0" >
6
7    <uses-sdk
8        android:minSdkVersion="21"
8-->src/main/AndroidManifest.xml
9        android:targetSdkVersion="31" />
9-->src/main/AndroidManifest.xml
10
11    <uses-permission android:name="android.permission.INTERNET" />
11-->src/main/AndroidManifest.xml:4:5-67
11-->src/main/AndroidManifest.xml:4:22-64
12    <uses-permission android:name="android.permission.ACCESS_NETWORK_STATE" />
12-->[:connectivity_plus] AndroidManifest.xml:7:5-79
12-->[:connectivity_plus] AndroidManifest.xml:7:22-76
13
14    <queries>
14-->[:flutter_inappwebview] AndroidManifest.xml:7:5-11:15
15        <intent>
15-->[:flutter_inappwebview] AndroidManifest.xml:8:9-10:18
16            <action android:name="android.support.customtabs.action.CustomTabsService" />
16-->[:flutter_inappwebview] AndroidManifest.xml:9:13-90
16-->[:flutter_inappwebview] AndroidManifest.xml:9:21-87
17        </intent>
18
19        <package android:name="com.facebook.katana" /> <!-- For browser content -->
19-->[com.facebook.android:audience-network-sdk:6.11.0] AndroidManifest.xml:12:9-55
19-->[com.facebook.android:audience-network-sdk:6.11.0] AndroidManifest.xml:12:18-52
20        <intent>
20-->[com.google.android.gms:play-services-ads-lite:20.6.0] AndroidManifest.xml:31:9-37:18
21            <action android:name="android.intent.action.VIEW" />
21-->[com.onesignal:OneSignal:4.7.0] AndroidManifest.xml:76:17-69
21-->[com.onesignal:OneSignal:4.7.0] AndroidManifest.xml:76:25-66
22
23            <category android:name="android.intent.category.BROWSABLE" />
23-->[com.google.android.gms:play-services-ads-lite:20.6.0] AndroidManifest.xml:34:13-74
23-->[com.google.android.gms:play-services-ads-lite:20.6.0] AndroidManifest.xml:34:23-71
24
25            <data android:scheme="https" />
25-->[com.google.android.gms:play-services-ads-lite:20.6.0] AndroidManifest.xml:36:13-44
25-->[com.google.android.gms:play-services-ads-lite:20.6.0] AndroidManifest.xml:36:19-41
26        </intent>
27    </queries> <!-- Create a unique permission for your app and use it so only your app can receive your OneSignal messages. -->
28    <permission
28-->[com.onesignal:OneSignal:4.7.0] AndroidManifest.xml:7:5-9:47
29        android:name="com.srhdp.ibookcambodia.permission.C2D_MESSAGE"
29-->[com.onesignal:OneSignal:4.7.0] AndroidManifest.xml:8:9-63
30        android:protectionLevel="signature" />
30-->[com.onesignal:OneSignal:4.7.0] AndroidManifest.xml:9:9-44
31
32    <uses-permission android:name="com.srhdp.ibookcambodia.permission.C2D_MESSAGE" /> <!-- c2dm RECEIVE are basic requirements for push messages through Google's FCM -->
32-->[com.onesignal:OneSignal:4.7.0] AndroidManifest.xml:11:5-79
32-->[com.onesignal:OneSignal:4.7.0] AndroidManifest.xml:11:22-76
33    <uses-permission android:name="com.google.android.c2dm.permission.RECEIVE" /> <!-- Required, makes sure notifications are delivered on time. -->
33-->[com.onesignal:OneSignal:4.7.0] AndroidManifest.xml:17:5-82
33-->[com.onesignal:OneSignal:4.7.0] AndroidManifest.xml:17:22-79
34    <uses-permission android:name="android.permission.WAKE_LOCK" />
34-->[com.onesignal:OneSignal:4.7.0] AndroidManifest.xml:18:5-68
34-->[com.onesignal:OneSignal:4.7.0] AndroidManifest.xml:18:22-65
35    <!--
36 Required so the device vibrates on receiving a push notification.
37         Vibration settings of the device still apply.
38    -->
39    <uses-permission android:name="android.permission.VIBRATE" />
39-->[com.onesignal:OneSignal:4.7.0] AndroidManifest.xml:23:5-66
39-->[com.onesignal:OneSignal:4.7.0] AndroidManifest.xml:23:22-63
40    <!--
41 Use to restore notifications the user hasn't interacted with.
42         They could be missed notifications if the user reboots their device if this isn't in place.
43    -->
44    <uses-permission android:name="android.permission.RECEIVE_BOOT_COMPLETED" /> <!-- START: ShortcutBadger -->
44-->[com.onesignal:OneSignal:4.7.0] AndroidManifest.xml:29:5-81
44-->[com.onesignal:OneSignal:4.7.0] AndroidManifest.xml:29:22-78
45    <!-- Samsung -->
46    <uses-permission android:name="com.sec.android.provider.badge.permission.READ" />
46-->[com.onesignal:OneSignal:4.7.0] AndroidManifest.xml:31:5-86
46-->[com.onesignal:OneSignal:4.7.0] AndroidManifest.xml:31:22-83
47    <uses-permission android:name="com.sec.android.provider.badge.permission.WRITE" /> <!-- HTC -->
47-->[com.onesignal:OneSignal:4.7.0] AndroidManifest.xml:32:5-87
47-->[com.onesignal:OneSignal:4.7.0] AndroidManifest.xml:32:22-84
48    <uses-permission android:name="com.htc.launcher.permission.READ_SETTINGS" />
48-->[com.onesignal:OneSignal:4.7.0] AndroidManifest.xml:33:5-81
48-->[com.onesignal:OneSignal:4.7.0] AndroidManifest.xml:33:22-78
49    <uses-permission android:name="com.htc.launcher.permission.UPDATE_SHORTCUT" /> <!-- Sony -->
49-->[com.onesignal:OneSignal:4.7.0] AndroidManifest.xml:34:5-83
49-->[com.onesignal:OneSignal:4.7.0] AndroidManifest.xml:34:22-80
50    <uses-permission android:name="com.sonyericsson.home.permission.BROADCAST_BADGE" />
50-->[com.onesignal:OneSignal:4.7.0] AndroidManifest.xml:35:5-88
50-->[com.onesignal:OneSignal:4.7.0] AndroidManifest.xml:35:22-85
51    <uses-permission android:name="com.sonymobile.home.permission.PROVIDER_INSERT_BADGE" /> <!-- Apex -->
51-->[com.onesignal:OneSignal:4.7.0] AndroidManifest.xml:36:5-92
51-->[com.onesignal:OneSignal:4.7.0] AndroidManifest.xml:36:22-89
52    <uses-permission android:name="com.anddoes.launcher.permission.UPDATE_COUNT" /> <!-- Solid -->
52-->[com.onesignal:OneSignal:4.7.0] AndroidManifest.xml:37:5-84
52-->[com.onesignal:OneSignal:4.7.0] AndroidManifest.xml:37:22-81
53    <uses-permission android:name="com.majeur.launcher.permission.UPDATE_BADGE" /> <!-- Huawei -->
53-->[com.onesignal:OneSignal:4.7.0] AndroidManifest.xml:38:5-83
53-->[com.onesignal:OneSignal:4.7.0] AndroidManifest.xml:38:22-80
54    <uses-permission android:name="com.huawei.android.launcher.permission.CHANGE_BADGE" />
54-->[com.onesignal:OneSignal:4.7.0] AndroidManifest.xml:39:5-91
54-->[com.onesignal:OneSignal:4.7.0] AndroidManifest.xml:39:22-88
55    <uses-permission android:name="com.huawei.android.launcher.permission.READ_SETTINGS" />
55-->[com.onesignal:OneSignal:4.7.0] AndroidManifest.xml:40:5-92
55-->[com.onesignal:OneSignal:4.7.0] AndroidManifest.xml:40:22-89
56    <uses-permission android:name="com.huawei.android.launcher.permission.WRITE_SETTINGS" /> <!-- ZUK -->
56-->[com.onesignal:OneSignal:4.7.0] AndroidManifest.xml:41:5-93
56-->[com.onesignal:OneSignal:4.7.0] AndroidManifest.xml:41:22-90
57    <uses-permission android:name="android.permission.READ_APP_BADGE" /> <!-- OPPO -->
57-->[com.onesignal:OneSignal:4.7.0] AndroidManifest.xml:42:5-73
57-->[com.onesignal:OneSignal:4.7.0] AndroidManifest.xml:42:22-70
58    <uses-permission android:name="com.oppo.launcher.permission.READ_SETTINGS" />
58-->[com.onesignal:OneSignal:4.7.0] AndroidManifest.xml:43:5-82
58-->[com.onesignal:OneSignal:4.7.0] AndroidManifest.xml:43:22-79
59    <uses-permission android:name="com.oppo.launcher.permission.WRITE_SETTINGS" /> <!-- EvMe -->
59-->[com.onesignal:OneSignal:4.7.0] AndroidManifest.xml:44:5-83
59-->[com.onesignal:OneSignal:4.7.0] AndroidManifest.xml:44:22-80
60    <uses-permission android:name="me.everything.badger.permission.BADGE_COUNT_READ" />
60-->[com.onesignal:OneSignal:4.7.0] AndroidManifest.xml:45:5-88
60-->[com.onesignal:OneSignal:4.7.0] AndroidManifest.xml:45:22-85
61    <uses-permission android:name="me.everything.badger.permission.BADGE_COUNT_WRITE" />
61-->[com.onesignal:OneSignal:4.7.0] AndroidManifest.xml:46:5-89
61-->[com.onesignal:OneSignal:4.7.0] AndroidManifest.xml:46:22-86
62    <uses-permission android:name="com.google.android.gms.permission.AD_ID" />
62-->[com.google.android.gms:play-services-ads-lite:20.6.0] AndroidManifest.xml:25:5-79
62-->[com.google.android.gms:play-services-ads-lite:20.6.0] AndroidManifest.xml:25:22-76
63    <uses-permission android:name="android.permission.FOREGROUND_SERVICE" />
63-->[androidx.work:work-runtime:2.7.0] AndroidManifest.xml:28:5-77
63-->[androidx.work:work-runtime:2.7.0] AndroidManifest.xml:28:22-74
64
65    <application
66        android:name="android.app.Application"
66-->src/main/AndroidManifest.xml:6:9-42
67        android:appComponentFactory="androidx.core.app.CoreComponentFactory"
67-->[androidx.core:core:1.7.0] AndroidManifest.xml:24:18-86
68        android:hardwareAccelerated="true"
68-->[:facebook_audience_network] AndroidManifest.xml:7:18-52
69        android:icon="@mipmap/launcher_icon"
69-->src/main/AndroidManifest.xml:7:9-45
70        android:label="iBook-Cambodia" >
70-->src/main/AndroidManifest.xml:8:9-39
71        <activity
71-->src/main/AndroidManifest.xml:10:9-26:20
72            android:name="com.srhdp.ibookcambodia.MainActivity"
72-->src/main/AndroidManifest.xml:11:13-64
73            android:configChanges="orientation|keyboardHidden|keyboard|screenSize|smallestScreenSize|locale|layoutDirection|fontScale|screenLayout|density|uiMode"
73-->src/main/AndroidManifest.xml:12:13-163
74            android:exported="true"
74-->src/main/AndroidManifest.xml:13:13-36
75            android:hardwareAccelerated="true"
75-->src/main/AndroidManifest.xml:14:13-47
76            android:launchMode="singleTop"
76-->src/main/AndroidManifest.xml:15:13-43
77            android:theme="@style/LaunchTheme"
77-->src/main/AndroidManifest.xml:16:13-47
78            android:windowSoftInputMode="adjustResize" >
78-->src/main/AndroidManifest.xml:17:13-55
79            <meta-data
79-->src/main/AndroidManifest.xml:19:13-21:57
80                android:name="io.flutter.embedding.android.NormalTheme"
80-->src/main/AndroidManifest.xml:20:17-72
81                android:resource="@style/NormalTheme" />
81-->src/main/AndroidManifest.xml:21:17-54
82
83            <intent-filter>
83-->src/main/AndroidManifest.xml:22:13-25:29
84                <action android:name="android.intent.action.MAIN" />
84-->src/main/AndroidManifest.xml:23:17-69
84-->src/main/AndroidManifest.xml:23:25-66
85
86                <category android:name="android.intent.category.LAUNCHER" />
86-->src/main/AndroidManifest.xml:24:17-77
86-->src/main/AndroidManifest.xml:24:27-74
87            </intent-filter>
88        </activity>
89
90        <meta-data
90-->src/main/AndroidManifest.xml:28:9-30:70
91            android:name="com.google.android.gms.ads.APPLICATION_ID"
91-->src/main/AndroidManifest.xml:29:13-69
92            android:value="ca-app-pub-3940256099942544~3347511713" />
92-->src/main/AndroidManifest.xml:30:13-67
93        <meta-data
93-->src/main/AndroidManifest.xml:31:9-33:33
94            android:name="flutterEmbedding"
94-->src/main/AndroidManifest.xml:32:13-44
95            android:value="2" />
95-->src/main/AndroidManifest.xml:33:13-30
96        <meta-data
96-->src/main/AndroidManifest.xml:34:9-36:36
97            android:name="com.onesignal.suppressLaunchURLs"
97-->src/main/AndroidManifest.xml:35:13-60
98            android:value="true" />
98-->src/main/AndroidManifest.xml:36:13-33
99
100        <activity
100-->[:url_launcher_android] AndroidManifest.xml:8:9-11:74
101            android:name="io.flutter.plugins.urllauncher.WebViewActivity"
101-->[:url_launcher_android] AndroidManifest.xml:9:13-74
102            android:exported="false"
102-->[:url_launcher_android] AndroidManifest.xml:10:13-37
103            android:theme="@android:style/Theme.NoTitleBar.Fullscreen" />
103-->[:url_launcher_android] AndroidManifest.xml:11:13-71
104        <activity
104-->[:flutter_inappwebview] AndroidManifest.xml:14:9-18:47
105            android:name="com.pichillilorenzo.flutter_inappwebview.in_app_browser.InAppBrowserActivity"
105-->[:flutter_inappwebview] AndroidManifest.xml:15:13-104
106            android:configChanges="orientation|keyboardHidden|keyboard|screenSize|locale|layoutDirection|fontScale|screenLayout|density"
106-->[:flutter_inappwebview] AndroidManifest.xml:16:13-137
107            android:exported="true"
107-->[:flutter_inappwebview] AndroidManifest.xml:17:13-36
108            android:theme="@style/AppTheme" />
108-->[:flutter_inappwebview] AndroidManifest.xml:18:13-44
109        <activity
109-->[:flutter_inappwebview] AndroidManifest.xml:19:9-22:55
110            android:name="com.pichillilorenzo.flutter_inappwebview.chrome_custom_tabs.ChromeCustomTabsActivity"
110-->[:flutter_inappwebview] AndroidManifest.xml:20:13-112
111            android:exported="true"
111-->[:flutter_inappwebview] AndroidManifest.xml:21:13-36
112            android:theme="@style/ThemeTransparent" />
112-->[:flutter_inappwebview] AndroidManifest.xml:22:13-52
113        <activity
113-->[:flutter_inappwebview] AndroidManifest.xml:23:9-26:55
114            android:name="com.pichillilorenzo.flutter_inappwebview.chrome_custom_tabs.TrustedWebActivity"
114-->[:flutter_inappwebview] AndroidManifest.xml:24:13-106
115            android:exported="true"
115-->[:flutter_inappwebview] AndroidManifest.xml:25:13-36
116            android:theme="@style/ThemeTransparent" />
116-->[:flutter_inappwebview] AndroidManifest.xml:26:13-52
117        <activity
117-->[:flutter_inappwebview] AndroidManifest.xml:27:9-31:55
118            android:name="com.pichillilorenzo.flutter_inappwebview.chrome_custom_tabs.ChromeCustomTabsActivitySingleInstance"
118-->[:flutter_inappwebview] AndroidManifest.xml:28:13-126
119            android:exported="true"
119-->[:flutter_inappwebview] AndroidManifest.xml:29:13-36
120            android:launchMode="singleInstance"
120-->[:flutter_inappwebview] AndroidManifest.xml:30:13-48
121            android:theme="@style/ThemeTransparent" />
121-->[:flutter_inappwebview] AndroidManifest.xml:31:13-52
122        <activity
122-->[:flutter_inappwebview] AndroidManifest.xml:32:9-36:55
123            android:name="com.pichillilorenzo.flutter_inappwebview.chrome_custom_tabs.TrustedWebActivitySingleInstance"
123-->[:flutter_inappwebview] AndroidManifest.xml:33:13-120
124            android:exported="true"
124-->[:flutter_inappwebview] AndroidManifest.xml:34:13-36
125            android:launchMode="singleInstance"
125-->[:flutter_inappwebview] AndroidManifest.xml:35:13-48
126            android:theme="@style/ThemeTransparent" />
126-->[:flutter_inappwebview] AndroidManifest.xml:36:13-52
127
128        <receiver
128-->[:flutter_inappwebview] AndroidManifest.xml:38:9-41:40
129            android:name="com.pichillilorenzo.flutter_inappwebview.chrome_custom_tabs.ActionBroadcastReceiver"
129-->[:flutter_inappwebview] AndroidManifest.xml:39:13-111
130            android:enabled="true"
130-->[:flutter_inappwebview] AndroidManifest.xml:40:13-35
131            android:exported="false" />
131-->[:flutter_inappwebview] AndroidManifest.xml:41:13-37
132
133        <meta-data
133-->[:flutter_inappwebview] AndroidManifest.xml:43:9-45:36
134            android:name="io.flutter.embedded_views_preview"
134-->[:flutter_inappwebview] AndroidManifest.xml:44:13-61
135            android:value="true" />
135-->[:flutter_inappwebview] AndroidManifest.xml:45:13-33
136
137        <provider
137-->[:share_plus] AndroidManifest.xml:8:9-16:20
138            android:name="dev.fluttercommunity.plus.share.ShareFileProvider"
138-->[:share_plus] AndroidManifest.xml:9:13-77
139            android:authorities="com.srhdp.ibookcambodia.flutter.share_provider"
139-->[:share_plus] AndroidManifest.xml:10:13-74
140            android:exported="false"
140-->[:share_plus] AndroidManifest.xml:11:13-37
141            android:grantUriPermissions="true" >
141-->[:share_plus] AndroidManifest.xml:12:13-47
142            <meta-data
142-->[:share_plus] AndroidManifest.xml:13:13-15:68
143                android:name="android.support.FILE_PROVIDER_PATHS"
143-->[:share_plus] AndroidManifest.xml:14:17-67
144                android:resource="@xml/flutter_share_file_paths" />
144-->[:share_plus] AndroidManifest.xml:15:17-65
145        </provider>
146
147        <receiver
147-->[com.onesignal:OneSignal:4.7.0] AndroidManifest.xml:49:9-60:20
148            android:name="com.onesignal.FCMBroadcastReceiver"
148-->[com.onesignal:OneSignal:4.7.0] AndroidManifest.xml:50:13-62
149            android:exported="true"
149-->[com.onesignal:OneSignal:4.7.0] AndroidManifest.xml:51:13-36
150            android:permission="com.google.android.c2dm.permission.SEND" >
150-->[com.onesignal:OneSignal:4.7.0] AndroidManifest.xml:52:13-73
151
152            <!-- High priority so OneSignal payloads can be filtered from other FCM receivers -->
153            <intent-filter android:priority="999" >
153-->[com.onesignal:OneSignal:4.7.0] AndroidManifest.xml:55:13-59:29
153-->[com.onesignal:OneSignal:4.7.0] AndroidManifest.xml:55:28-50
154                <action android:name="com.google.android.c2dm.intent.RECEIVE" />
154-->[com.onesignal:OneSignal:4.7.0] AndroidManifest.xml:56:17-81
154-->[com.onesignal:OneSignal:4.7.0] AndroidManifest.xml:56:25-78
155
156                <category android:name="com.srhdp.ibookcambodia" />
156-->[com.onesignal:OneSignal:4.7.0] AndroidManifest.xml:58:17-61
156-->[com.onesignal:OneSignal:4.7.0] AndroidManifest.xml:58:27-58
157            </intent-filter>
158        </receiver>
159
160        <service
160-->[com.onesignal:OneSignal:4.7.0] AndroidManifest.xml:62:9-68:19
161            android:name="com.onesignal.HmsMessageServiceOneSignal"
161-->[com.onesignal:OneSignal:4.7.0] AndroidManifest.xml:63:13-68
162            android:exported="false" >
162-->[com.onesignal:OneSignal:4.7.0] AndroidManifest.xml:64:13-37
163            <intent-filter>
163-->[com.onesignal:OneSignal:4.7.0] AndroidManifest.xml:65:13-67:29
164                <action android:name="com.huawei.push.action.MESSAGING_EVENT" />
164-->[com.onesignal:OneSignal:4.7.0] AndroidManifest.xml:66:17-81
164-->[com.onesignal:OneSignal:4.7.0] AndroidManifest.xml:66:25-78
165            </intent-filter>
166        </service>
167
168        <activity
168-->[com.onesignal:OneSignal:4.7.0] AndroidManifest.xml:70:9-78:20
169            android:name="com.onesignal.NotificationOpenedActivityHMS"
169-->[com.onesignal:OneSignal:4.7.0] AndroidManifest.xml:71:13-71
170            android:exported="true"
170-->[com.onesignal:OneSignal:4.7.0] AndroidManifest.xml:72:13-36
171            android:noHistory="true"
171-->[com.onesignal:OneSignal:4.7.0] AndroidManifest.xml:73:13-37
172            android:theme="@android:style/Theme.Translucent.NoTitleBar" >
172-->[com.onesignal:OneSignal:4.7.0] AndroidManifest.xml:74:13-72
173            <intent-filter>
173-->[com.onesignal:OneSignal:4.7.0] AndroidManifest.xml:75:13-77:29
174                <action android:name="android.intent.action.VIEW" />
174-->[com.onesignal:OneSignal:4.7.0] AndroidManifest.xml:76:17-69
174-->[com.onesignal:OneSignal:4.7.0] AndroidManifest.xml:76:25-66
175            </intent-filter>
176        </activity>
177
178        <service
178-->[com.onesignal:OneSignal:4.7.0] AndroidManifest.xml:80:9-82:40
179            android:name="com.onesignal.FCMIntentService"
179-->[com.onesignal:OneSignal:4.7.0] AndroidManifest.xml:81:13-58
180            android:exported="false" />
180-->[com.onesignal:OneSignal:4.7.0] AndroidManifest.xml:82:13-37
181        <service
181-->[com.onesignal:OneSignal:4.7.0] AndroidManifest.xml:83:9-86:72
182            android:name="com.onesignal.FCMIntentJobService"
182-->[com.onesignal:OneSignal:4.7.0] AndroidManifest.xml:84:13-61
183            android:exported="false"
183-->[com.onesignal:OneSignal:4.7.0] AndroidManifest.xml:85:13-37
184            android:permission="android.permission.BIND_JOB_SERVICE" />
184-->[com.onesignal:OneSignal:4.7.0] AndroidManifest.xml:86:13-69
185        <service
185-->[com.onesignal:OneSignal:4.7.0] AndroidManifest.xml:87:9-90:43
186            android:name="com.onesignal.SyncService"
186-->[com.onesignal:OneSignal:4.7.0] AndroidManifest.xml:88:13-53
187            android:exported="false"
187-->[com.onesignal:OneSignal:4.7.0] AndroidManifest.xml:89:13-37
188            android:stopWithTask="true" />
188-->[com.onesignal:OneSignal:4.7.0] AndroidManifest.xml:90:13-40
189        <service
189-->[com.onesignal:OneSignal:4.7.0] AndroidManifest.xml:91:9-94:72
190            android:name="com.onesignal.SyncJobService"
190-->[com.onesignal:OneSignal:4.7.0] AndroidManifest.xml:92:13-56
191            android:exported="false"
191-->[com.onesignal:OneSignal:4.7.0] AndroidManifest.xml:93:13-37
192            android:permission="android.permission.BIND_JOB_SERVICE" />
192-->[com.onesignal:OneSignal:4.7.0] AndroidManifest.xml:94:13-69
193
194        <activity
194-->[com.onesignal:OneSignal:4.7.0] AndroidManifest.xml:96:9-99:75
195            android:name="com.onesignal.PermissionsActivity"
195-->[com.onesignal:OneSignal:4.7.0] AndroidManifest.xml:97:13-61
196            android:exported="false"
196-->[com.onesignal:OneSignal:4.7.0] AndroidManifest.xml:98:13-37
197            android:theme="@android:style/Theme.Translucent.NoTitleBar" />
197-->[com.onesignal:OneSignal:4.7.0] AndroidManifest.xml:99:13-72
198
199        <receiver
199-->[com.onesignal:OneSignal:4.7.0] AndroidManifest.xml:101:9-103:39
200            android:name="com.onesignal.NotificationDismissReceiver"
200-->[com.onesignal:OneSignal:4.7.0] AndroidManifest.xml:102:13-69
201            android:exported="true" />
201-->[com.onesignal:OneSignal:4.7.0] AndroidManifest.xml:103:13-36
202        <receiver
202-->[com.onesignal:OneSignal:4.7.0] AndroidManifest.xml:104:9-111:20
203            android:name="com.onesignal.BootUpReceiver"
203-->[com.onesignal:OneSignal:4.7.0] AndroidManifest.xml:105:13-56
204            android:exported="true" >
204-->[com.onesignal:OneSignal:4.7.0] AndroidManifest.xml:106:13-36
205            <intent-filter>
205-->[com.onesignal:OneSignal:4.7.0] AndroidManifest.xml:107:13-110:29
206                <action android:name="android.intent.action.BOOT_COMPLETED" />
206-->[com.onesignal:OneSignal:4.7.0] AndroidManifest.xml:108:17-79
206-->[com.onesignal:OneSignal:4.7.0] AndroidManifest.xml:108:25-76
207                <action android:name="android.intent.action.QUICKBOOT_POWERON" />
207-->[com.onesignal:OneSignal:4.7.0] AndroidManifest.xml:109:17-82
207-->[com.onesignal:OneSignal:4.7.0] AndroidManifest.xml:109:25-79
208            </intent-filter>
209        </receiver>
210        <receiver
210-->[com.onesignal:OneSignal:4.7.0] AndroidManifest.xml:112:9-118:20
211            android:name="com.onesignal.UpgradeReceiver"
211-->[com.onesignal:OneSignal:4.7.0] AndroidManifest.xml:113:13-57
212            android:exported="true" >
212-->[com.onesignal:OneSignal:4.7.0] AndroidManifest.xml:114:13-36
213            <intent-filter>
213-->[com.onesignal:OneSignal:4.7.0] AndroidManifest.xml:115:13-117:29
214                <action android:name="android.intent.action.MY_PACKAGE_REPLACED" />
214-->[com.onesignal:OneSignal:4.7.0] AndroidManifest.xml:116:17-84
214-->[com.onesignal:OneSignal:4.7.0] AndroidManifest.xml:116:25-81
215            </intent-filter>
216        </receiver>
217
218        <activity
218-->[com.onesignal:OneSignal:4.7.0] AndroidManifest.xml:120:9-126:75
219            android:name="com.onesignal.NotificationOpenedReceiver"
219-->[com.onesignal:OneSignal:4.7.0] AndroidManifest.xml:121:13-68
220            android:excludeFromRecents="true"
220-->[com.onesignal:OneSignal:4.7.0] AndroidManifest.xml:122:13-46
221            android:exported="true"
221-->[com.onesignal:OneSignal:4.7.0] AndroidManifest.xml:123:13-36
222            android:noHistory="true"
222-->[com.onesignal:OneSignal:4.7.0] AndroidManifest.xml:124:13-37
223            android:taskAffinity=""
223-->[com.onesignal:OneSignal:4.7.0] AndroidManifest.xml:125:13-36
224            android:theme="@android:style/Theme.Translucent.NoTitleBar" />
224-->[com.onesignal:OneSignal:4.7.0] AndroidManifest.xml:126:13-72
225        <activity
225-->[com.onesignal:OneSignal:4.7.0] AndroidManifest.xml:127:9-132:75
226            android:name="com.onesignal.NotificationOpenedReceiverAndroid22AndOlder"
226-->[com.onesignal:OneSignal:4.7.0] AndroidManifest.xml:128:13-85
227            android:excludeFromRecents="true"
227-->[com.onesignal:OneSignal:4.7.0] AndroidManifest.xml:129:13-46
228            android:exported="true"
228-->[com.onesignal:OneSignal:4.7.0] AndroidManifest.xml:130:13-36
229            android:noHistory="true"
229-->[com.onesignal:OneSignal:4.7.0] AndroidManifest.xml:131:13-37
230            android:theme="@android:style/Theme.Translucent.NoTitleBar" />
230-->[com.onesignal:OneSignal:4.7.0] AndroidManifest.xml:132:13-72
231
232        <uses-library
232-->[androidx.window:window:1.0.0-beta04] AndroidManifest.xml:25:9-27:40
233            android:name="androidx.window.extensions"
233-->[androidx.window:window:1.0.0-beta04] AndroidManifest.xml:26:13-54
234            android:required="false" />
234-->[androidx.window:window:1.0.0-beta04] AndroidManifest.xml:27:13-37
235        <uses-library
235-->[androidx.window:window:1.0.0-beta04] AndroidManifest.xml:28:9-30:40
236            android:name="androidx.window.sidecar"
236-->[androidx.window:window:1.0.0-beta04] AndroidManifest.xml:29:13-51
237            android:required="false" />
237-->[androidx.window:window:1.0.0-beta04] AndroidManifest.xml:30:13-37
238        <!--
239             FirebaseMessagingService performs security checks at runtime,
240             but set to not exported to explicitly avoid allowing another app to call it.
241        -->
242        <service
242-->[com.google.firebase:firebase-messaging:21.0.1] AndroidManifest.xml:28:9-35:19
243            android:name="com.google.firebase.messaging.FirebaseMessagingService"
243-->[com.google.firebase:firebase-messaging:21.0.1] AndroidManifest.xml:29:13-82
244            android:directBootAware="true"
244-->[com.google.firebase:firebase-messaging:21.0.1] AndroidManifest.xml:30:13-43
245            android:exported="false" >
245-->[com.google.firebase:firebase-messaging:21.0.1] AndroidManifest.xml:31:13-37
246            <intent-filter android:priority="-500" >
246-->[com.google.firebase:firebase-messaging:21.0.1] AndroidManifest.xml:32:13-34:29
246-->[com.google.firebase:firebase-messaging:21.0.1] AndroidManifest.xml:32:28-51
247                <action android:name="com.google.firebase.MESSAGING_EVENT" />
247-->[com.google.firebase:firebase-messaging:21.0.1] AndroidManifest.xml:33:17-78
247-->[com.google.firebase:firebase-messaging:21.0.1] AndroidManifest.xml:33:25-75
248            </intent-filter>
249        </service>
250        <service
250-->[com.google.firebase:firebase-messaging:21.0.1] AndroidManifest.xml:36:9-42:19
251            android:name="com.google.firebase.components.ComponentDiscoveryService"
251-->[com.google.firebase:firebase-messaging:21.0.1] AndroidManifest.xml:37:13-84
252            android:directBootAware="true"
252-->[com.google.firebase:firebase-common:19.5.0] AndroidManifest.xml:35:13-43
253            android:exported="false" >
253-->[com.google.firebase:firebase-messaging:21.0.1] AndroidManifest.xml:38:13-37
254            <meta-data
254-->[com.google.firebase:firebase-messaging:21.0.1] AndroidManifest.xml:39:13-41:85
255                android:name="com.google.firebase.components:com.google.firebase.messaging.FirebaseMessagingRegistrar"
255-->[com.google.firebase:firebase-messaging:21.0.1] AndroidManifest.xml:40:17-119
256                android:value="com.google.firebase.components.ComponentRegistrar" />
256-->[com.google.firebase:firebase-messaging:21.0.1] AndroidManifest.xml:41:17-82
257            <meta-data
257-->[com.google.firebase:firebase-datatransport:17.0.10] AndroidManifest.xml:28:13-30:85
258                android:name="com.google.firebase.components:com.google.firebase.datatransport.TransportRegistrar"
258-->[com.google.firebase:firebase-datatransport:17.0.10] AndroidManifest.xml:29:17-115
259                android:value="com.google.firebase.components.ComponentRegistrar" />
259-->[com.google.firebase:firebase-datatransport:17.0.10] AndroidManifest.xml:30:17-82
260            <meta-data
260-->[com.google.firebase:firebase-iid:21.0.1] AndroidManifest.xml:32:13-34:85
261                android:name="com.google.firebase.components:com.google.firebase.iid.Registrar"
261-->[com.google.firebase:firebase-iid:21.0.1] AndroidManifest.xml:33:17-96
262                android:value="com.google.firebase.components.ComponentRegistrar" />
262-->[com.google.firebase:firebase-iid:21.0.1] AndroidManifest.xml:34:17-82
263            <meta-data
263-->[com.google.firebase:firebase-installations:16.3.5] AndroidManifest.xml:18:13-20:85
264                android:name="com.google.firebase.components:com.google.firebase.installations.FirebaseInstallationsRegistrar"
264-->[com.google.firebase:firebase-installations:16.3.5] AndroidManifest.xml:19:17-127
265                android:value="com.google.firebase.components.ComponentRegistrar" />
265-->[com.google.firebase:firebase-installations:16.3.5] AndroidManifest.xml:20:17-82
266            <!--
267                This registrar is not defined in the dynamic-module-support sdk itself to allow non-firebase
268                clients to use it as well, by defining this registrar in their own core/common library.
269            -->
270            <meta-data
270-->[com.google.firebase:firebase-common:19.5.0] AndroidManifest.xml:43:13-45:85
271                android:name="com.google.firebase.components:com.google.firebase.dynamicloading.DynamicLoadingRegistrar"
271-->[com.google.firebase:firebase-common:19.5.0] AndroidManifest.xml:44:17-121
272                android:value="com.google.firebase.components.ComponentRegistrar" />
272-->[com.google.firebase:firebase-common:19.5.0] AndroidManifest.xml:45:17-82
273        </service>
274        <service